<?xml version="1.0" encoding="UTF-8"?>
<!-- Generated by org.testng.reporters.JUnitReportReporter -->
<testsuite hostname="Padmaarajan" failures="0" tests="1" name="testCases.TC_003_CustomerDetailsPage" time="47.891" errors="0" timestamp="2025-07-23T21:19:11 IST" skipped="0">
  <testcase classname="testCases.TC_003_CustomerDetailsPage" name="testCustomerDetailsPage" time="47.891"/>
</testsuite> <!-- testCases.TC_003_CustomerDetailsPage -->
