<?xml version="1.0" encoding="UTF-8"?>
<!-- Generated by org.testng.reporters.JUnitReportReporter -->
<testsuite hostname="Padmaarajan" failures="0" tests="1" name="testCases.TC_002_BusDetailsPage" time="27.851" errors="0" timestamp="2025-07-23T00:16:37 IST" skipped="0">
  <testcase classname="testCases.TC_002_BusDetailsPage" name="verifyBusBookingPage" time="27.851"/>
</testsuite> <!-- testCases.TC_002_BusDetailsPage -->
